<?xml version="1.0" encoding="UTF-8"?>
<!-- Generated by org.testng.reporters.JUnitReportReporter -->
<testsuite skipped="0" hostname="Shraddha.local" name="com.test.ToDoTestVue" tests="1" failures="0" timestamp="01 Dec 2018 00:45:57 GMT" time="9.631" errors="0">
  <testcase name="createLocationAlias" time="9.631" classname="com.test.ToDoTestVue"/>
</testsuite> <!-- com.test.ToDoTestVue -->
